  Assignment 1 Task 3.cpp
  common.cpp
  Generating Code...
Assignment 1 Task 3.obj : error LNK2019: unresolved external symbol clReleaseDevice referenced in function "public: static int __cdecl cl::detail::ReferenceHandler<struct _cl_device_id *>::release(struct _cl_device_id *)" (?release@?$ReferenceHandler@PEAU_cl_device_id@@@detail@cl@@SAHPEAU_cl_device_id@@@Z)
common.obj : error LNK2001: unresolved external symbol clReleaseDevice
Assignment 1 Task 3.obj : error LNK2019: unresolved external symbol clReleaseContext referenced in function "public: static int __cdecl cl::detail::ReferenceHandler<struct _cl_context *>::release(struct _cl_context *)" (?release@?$ReferenceHandler@PEAU_cl_context@@@detail@cl@@SAHPEAU_cl_context@@@Z)
common.obj : error LNK2001: unresolved external symbol clReleaseContext
Assignment 1 Task 3.obj : error LNK2019: unresolved external symbol clReleaseCommandQueue referenced in function "public: static int __cdecl cl::detail::ReferenceHandler<struct _cl_command_queue *>::release(struct _cl_command_queue *)" (?release@?$ReferenceHandler@PEAU_cl_command_queue@@@detail@cl@@SAHPEAU_cl_command_queue@@@Z)
common.obj : error LNK2001: unresolved external symbol clReleaseCommandQueue
Assignment 1 Task 3.obj : error LNK2019: unresolved external symbol clReleaseMemObject referenced in function "public: static int __cdecl cl::detail::ReferenceHandler<struct _cl_mem *>::release(struct _cl_mem *)" (?release@?$ReferenceHandler@PEAU_cl_mem@@@detail@cl@@SAHPEAU_cl_mem@@@Z)
Assignment 1 Task 3.obj : error LNK2019: unresolved external symbol clReleaseProgram referenced in function "public: static int __cdecl cl::detail::ReferenceHandler<struct _cl_program *>::release(struct _cl_program *)" (?release@?$ReferenceHandler@PEAU_cl_program@@@detail@cl@@SAHPEAU_cl_program@@@Z)
common.obj : error LNK2001: unresolved external symbol clReleaseProgram
Assignment 1 Task 3.obj : error LNK2019: unresolved external symbol clReleaseKernel referenced in function "public: static int __cdecl cl::detail::ReferenceHandler<struct _cl_kernel *>::release(struct _cl_kernel *)" (?release@?$ReferenceHandler@PEAU_cl_kernel@@@detail@cl@@SAHPEAU_cl_kernel@@@Z)
common.obj : error LNK2019: unresolved external symbol clGetPlatformIDs referenced in function "public: static int __cdecl cl::Platform::get(class std::vector<class cl::Platform,class std::allocator<class cl::Platform> > *)" (?get@Platform@cl@@SAHPEAV?$vector@VPlatform@cl@@V?$allocator@VPlatform@cl@@@std@@@std@@@Z)
common.obj : error LNK2019: unresolved external symbol clGetPlatformInfo referenced in function "public: int __cdecl cl::Platform::getInfo(unsigned int,class std::basic_string<char,struct std::char_traits<char>,class std::allocator<char> > *)const " (?getInfo@Platform@cl@@QEBAHIPEAV?$basic_string@DU?$char_traits@D@std@@V?$allocator@D@2@@std@@@Z)
common.obj : error LNK2019: unresolved external symbol clGetDeviceIDs referenced in function "public: int __cdecl cl::Platform::getDevices(unsigned __int64,class std::vector<class cl::Device,class std::allocator<class cl::Device> > *)const " (?getDevices@Platform@cl@@QEBAH_KPEAV?$vector@VDevice@cl@@V?$allocator@VDevice@cl@@@std@@@std@@@Z)
common.obj : error LNK2019: unresolved external symbol clGetDeviceInfo referenced in function "public: int __cdecl cl::Device::getInfo<class std::basic_string<char,struct std::char_traits<char>,class std::allocator<char> > >(unsigned int,class std::basic_string<char,struct std::char_traits<char>,class std::allocator<char> > *)const " (??$getInfo@V?$basic_string@DU?$char_traits@D@std@@V?$allocator@D@2@@std@@@Device@cl@@QEBAHIPEAV?$basic_string@DU?$char_traits@D@std@@V?$allocator@D@2@@std@@@Z)
common.obj : error LNK2019: unresolved external symbol clRetainDevice referenced in function "public: static int __cdecl cl::detail::ReferenceHandler<struct _cl_device_id *>::retain(struct _cl_device_id *)" (?retain@?$ReferenceHandler@PEAU_cl_device_id@@@detail@cl@@SAHPEAU_cl_device_id@@@Z)
common.obj : error LNK2019: unresolved external symbol clGetContextInfo referenced in function "public: int __cdecl cl::Context::getInfo<class std::vector<class cl::Device,class std::allocator<class cl::Device> > >(unsigned int,class std::vector<class cl::Device,class std::allocator<class cl::Device> > *)const " (??$getInfo@V?$vector@VDevice@cl@@V?$allocator@VDevice@cl@@@std@@@std@@@Context@cl@@QEBAHIPEAV?$vector@VDevice@cl@@V?$allocator@VDevice@cl@@@std@@@std@@@Z)
common.obj : error LNK2019: unresolved external symbol clCreateProgramWithSource referenced in function "public: __cdecl cl::Program::Program(class cl::Context const &,class std::vector<struct std::pair<char const *,unsigned __int64>,class std::allocator<struct std::pair<char const *,unsigned __int64> > > const &,int *)" (??0Program@cl@@QEAA@AEBVContext@1@AEBV?$vector@U?$pair@PEBD_K@std@@V?$allocator@U?$pair@PEBD_K@std@@@2@@std@@PEAH@Z)
common.obj : error LNK2019: unresolved external symbol clRetainProgram referenced in function "public: static int __cdecl cl::detail::ReferenceHandler<struct _cl_program *>::retain(struct _cl_program *)" (?retain@?$ReferenceHandler@PEAU_cl_program@@@detail@cl@@SAHPEAU_cl_program@@@Z)
common.obj : error LNK2019: unresolved external symbol clBuildProgram referenced in function "public: int __cdecl cl::Program::build(class std::vector<class cl::Device,class std::allocator<class cl::Device> > const &,char const *,void (__cdecl*)(struct _cl_program *,void *),void *)const " (?build@Program@cl@@QEBAHAEBV?$vector@VDevice@cl@@V?$allocator@VDevice@cl@@@std@@@std@@PEBDP6AXPEAU_cl_program@@PEAX@Z3@Z)
common.obj : error LNK2019: unresolved external symbol clGetProgramBuildInfo referenced in function "public: int __cdecl cl::Program::getBuildInfo<int>(class cl::Device const &,unsigned int,int *)const " (??$getBuildInfo@H@Program@cl@@QEBAHAEBVDevice@1@IPEAH@Z)
C:\Program Files (x86)\AMD APP SDK\3.0\lib\x86\OpenCL.lib : warning LNK4272: library machine type 'x86' conflicts with target machine type 'x64'
D:\Google Drive\XPS 13\2020 Sem 2 Multicore GPU programming\Assignment\Assignment 1\Task 3\Assignment 1 Task 3\x64\Debug\Assignment 1 Task 3.exe : fatal error LNK1120: 16 unresolved externals
